

Version:	3.50
CmdLine:	C:\Users\Admin\eclipse-workspace\Sanu\NextMart.exe --l4j-debug
JNI:		No
WOW64:		Yes
Working dir:	C:\Users\Admin\eclipse-workspace\Sanu\.
Requires JDK:	No
Requires 64-Bit: No
Java min ver:	1.004.000
Java max ver:	
Substitute:	JAVA_HOME = C:\Program Files\
Substitute:	PATH = C:\Ruby34-x64\bin;C:\Program Files\bin;C:\WINDOWS\system32;C:\WINDOWS;C:\WINDOWS\System32\Wbem;C:\WINDOWS\System32\WindowsPowerShell\v1.0\;C:\WINDOWS\System32\OpenSSH\;C:\Program Files\Microsoft SQL Server\Client SDK\ODBC\170\Tools\Binn\;C:\Program Files\dotnet\;C:\Program Files (x86)\Windows Kits\10\Windows Performance Toolkit\;C:\Program Files (x86)\Microsoft SQL Server\160\Tools\Binn\;C:\Program Files\Microsoft SQL Server\160\Tools\Binn\;C:\Program Files\Microsoft SQL Server\160\DTS\Binn\;C:\Program Files (x86)\Microsoft SQL Server\160\DTS\Binn\;C:\Program Files\Git\cmd;C:\Program Files\MySQL\MySQL Server 8.0\bin;C:\Program Files\Microsoft SQL Server\150\Tools\Binn\;C:\Mevean things\apache-maven-3.9.9\bin;C:\Mevean things\apache-tomcat-9.0.105\bin;C:\Program Files\Docker\Docker\resources\bin;C:\Users\Admin\Downloads\sqlite-tools-win-x64-3500400;C:\Users\Admin\AppData\Roaming\npm;C:\ProgramData\chocolatey\bin;C:\Program Files\cursor\resources\app\bin;C:\Program Files\nodejs\;C:\Users\Admin\AppData\Local\Programs\Python\Launcher\;C:\Program Files\MySQL\MySQL Shell 8.0\bin\;C:\Users\Admin\AppData\Local\Microsoft\WindowsApps;C:\Users\Admin\.dotnet\tools;C:\Users\Admin\AppData\Local\Programs\Microsoft VS Code\bin;C:\Users\Admin\AppData\Local\GitHubDesktop\bin;C:\app\SASA\product\18.0.0\dbhomeXE\bin;C:\Users\Admin\AppData\Roaming\npm;C:\Users\Admin\AppData\Local\Programs\Antigravity\bin;C:\Program Files\\bin
JRE paths:	C:\Program Files\;C:\Ruby34-x64\bin;C:\Program Files\bin;C:\WINDOWS\system32;C:\WINDOWS;C:\WINDOWS\System32\Wbem;C:\WINDOWS\System32\WindowsPowerShell\v1.0\;C:\WINDOWS\System32\OpenSSH\;C:\Program Files\Microsoft SQL Server\Client SDK\ODBC\170\Tools\Binn\;C:\Program Files\dotnet\;C:\Program Files (x86)\Windows Kits\10\Windows Performance Toolkit\;C:\Program Files (x86)\Microsoft SQL Server\160\Tools\Binn\;C:\Program Files\Microsoft SQL Server\160\Tools\Binn\;C:\Program Files\Microsoft SQL Server\160\DTS\Binn\;C:\Program Files (x86)\Microsoft SQL Server\160\DTS\Binn\;C:\Program Files\Git\cmd;C:\Program Files\MySQL\MySQL Server 8.0\bin;C:\Program Files\Microsoft SQL Server\150\Tools\Binn\;C:\Mevean things\apache-maven-3.9.9\bin;C:\Mevean things\apache-tomcat-9.0.105\bin;C:\Program Files\Docker\Docker\resources\bin;C:\Users\Admin\Downloads\sqlite-tools-win-x64-3500400;C:\Users\Admin\AppData\Roaming\npm;C:\ProgramData\chocolatey\bin;C:\Program Files\cursor\resources\app\bin;C:\Program Files\nodejs\;C:\Users\Admin\AppData\Local\Programs\Python\Launcher\;C:\Program Files\MySQL\MySQL Shell 8.0\bin\;C:\Users\Admin\AppData\Local\Microsoft\WindowsApps;C:\Users\Admin\.dotnet\tools;C:\Users\Admin\AppData\Local\Programs\Microsoft VS Code\bin;C:\Users\Admin\AppData\Local\GitHubDesktop\bin;C:\app\SASA\product\18.0.0\dbhomeXE\bin;C:\Users\Admin\AppData\Roaming\npm;C:\Users\Admin\AppData\Local\Programs\Antigravity\bin;C:\Program Files\\bin
Check launcher:	C:\Program Files\bin\javaw.exe (OK)
Version string: 1.021.000_003 / 64-Bit (OK)
Launcher:	C:\Program Files\bin\javaw.exe
Launcher args:	-jar "C:\Users\Admin\eclipse-workspace\Sanu\NextMart.exe"
Args length:	57/32768 chars
Exit code:	0


Version:	3.50
CmdLine:	C:\Users\Admin\eclipse-workspace\Sanu\NextMart.exe --l4j-debug
JNI:		No
WOW64:		Yes
Working dir:	C:\Users\Admin\eclipse-workspace\Sanu\.
Requires JDK:	No
Requires 64-Bit: No
Java min ver:	1.004.000
Java max ver:	
Substitute:	JAVA_HOME = C:\Program Files\
Substitute:	PATH = C:\Ruby34-x64\bin;C:\Program Files\bin;C:\WINDOWS\system32;C:\WINDOWS;C:\WINDOWS\System32\Wbem;C:\WINDOWS\System32\WindowsPowerShell\v1.0\;C:\WINDOWS\System32\OpenSSH\;C:\Program Files\Microsoft SQL Server\Client SDK\ODBC\170\Tools\Binn\;C:\Program Files\dotnet\;C:\Program Files (x86)\Windows Kits\10\Windows Performance Toolkit\;C:\Program Files (x86)\Microsoft SQL Server\160\Tools\Binn\;C:\Program Files\Microsoft SQL Server\160\Tools\Binn\;C:\Program Files\Microsoft SQL Server\160\DTS\Binn\;C:\Program Files (x86)\Microsoft SQL Server\160\DTS\Binn\;C:\Program Files\Git\cmd;C:\Program Files\MySQL\MySQL Server 8.0\bin;C:\Program Files\Microsoft SQL Server\150\Tools\Binn\;C:\Mevean things\apache-maven-3.9.9\bin;C:\Mevean things\apache-tomcat-9.0.105\bin;C:\Program Files\Docker\Docker\resources\bin;C:\Users\Admin\Downloads\sqlite-tools-win-x64-3500400;C:\Users\Admin\AppData\Roaming\npm;C:\ProgramData\chocolatey\bin;C:\Program Files\cursor\resources\app\bin;C:\Program Files\nodejs\;C:\Users\Admin\AppData\Local\Programs\Python\Launcher\;C:\Program Files\MySQL\MySQL Shell 8.0\bin\;C:\Users\Admin\AppData\Local\Microsoft\WindowsApps;C:\Users\Admin\.dotnet\tools;C:\Users\Admin\AppData\Local\Programs\Microsoft VS Code\bin;C:\Users\Admin\AppData\Local\GitHubDesktop\bin;C:\app\SASA\product\18.0.0\dbhomeXE\bin;C:\Users\Admin\AppData\Roaming\npm;C:\Users\Admin\AppData\Local\Programs\Antigravity\bin;C:\Program Files\\bin
JRE paths:	C:\Program Files\;C:\Ruby34-x64\bin;C:\Program Files\bin;C:\WINDOWS\system32;C:\WINDOWS;C:\WINDOWS\System32\Wbem;C:\WINDOWS\System32\WindowsPowerShell\v1.0\;C:\WINDOWS\System32\OpenSSH\;C:\Program Files\Microsoft SQL Server\Client SDK\ODBC\170\Tools\Binn\;C:\Program Files\dotnet\;C:\Program Files (x86)\Windows Kits\10\Windows Performance Toolkit\;C:\Program Files (x86)\Microsoft SQL Server\160\Tools\Binn\;C:\Program Files\Microsoft SQL Server\160\Tools\Binn\;C:\Program Files\Microsoft SQL Server\160\DTS\Binn\;C:\Program Files (x86)\Microsoft SQL Server\160\DTS\Binn\;C:\Program Files\Git\cmd;C:\Program Files\MySQL\MySQL Server 8.0\bin;C:\Program Files\Microsoft SQL Server\150\Tools\Binn\;C:\Mevean things\apache-maven-3.9.9\bin;C:\Mevean things\apache-tomcat-9.0.105\bin;C:\Program Files\Docker\Docker\resources\bin;C:\Users\Admin\Downloads\sqlite-tools-win-x64-3500400;C:\Users\Admin\AppData\Roaming\npm;C:\ProgramData\chocolatey\bin;C:\Program Files\cursor\resources\app\bin;C:\Program Files\nodejs\;C:\Users\Admin\AppData\Local\Programs\Python\Launcher\;C:\Program Files\MySQL\MySQL Shell 8.0\bin\;C:\Users\Admin\AppData\Local\Microsoft\WindowsApps;C:\Users\Admin\.dotnet\tools;C:\Users\Admin\AppData\Local\Programs\Microsoft VS Code\bin;C:\Users\Admin\AppData\Local\GitHubDesktop\bin;C:\app\SASA\product\18.0.0\dbhomeXE\bin;C:\Users\Admin\AppData\Roaming\npm;C:\Users\Admin\AppData\Local\Programs\Antigravity\bin;C:\Program Files\\bin
Check launcher:	C:\Program Files\bin\javaw.exe (OK)
Version string: 1.021.000_003 / 64-Bit (OK)
Launcher:	C:\Program Files\bin\javaw.exe
Launcher args:	-jar "C:\Users\Admin\eclipse-workspace\Sanu\NextMart.exe"
Args length:	57/32768 chars
Exit code:	0


Version:	3.50
CmdLine:	C:\Users\Admin\eclipse-workspace\Sanu\NextMart.exe --l4j-debug
JNI:		No
WOW64:		Yes
Working dir:	C:\Users\Admin\eclipse-workspace\Sanu\.
Requires JDK:	No
Requires 64-Bit: No
Java min ver:	1.004.000
Java max ver:	
Substitute:	JAVA_HOME = C:\Program Files\
Substitute:	PATH = C:\Ruby34-x64\bin;C:\Program Files\bin;C:\WINDOWS\system32;C:\WINDOWS;C:\WINDOWS\System32\Wbem;C:\WINDOWS\System32\WindowsPowerShell\v1.0\;C:\WINDOWS\System32\OpenSSH\;C:\Program Files\Microsoft SQL Server\Client SDK\ODBC\170\Tools\Binn\;C:\Program Files\dotnet\;C:\Program Files (x86)\Windows Kits\10\Windows Performance Toolkit\;C:\Program Files (x86)\Microsoft SQL Server\160\Tools\Binn\;C:\Program Files\Microsoft SQL Server\160\Tools\Binn\;C:\Program Files\Microsoft SQL Server\160\DTS\Binn\;C:\Program Files (x86)\Microsoft SQL Server\160\DTS\Binn\;C:\Program Files\Git\cmd;C:\Program Files\MySQL\MySQL Server 8.0\bin;C:\Program Files\Microsoft SQL Server\150\Tools\Binn\;C:\Mevean things\apache-maven-3.9.9\bin;C:\Mevean things\apache-tomcat-9.0.105\bin;C:\Program Files\Docker\Docker\resources\bin;C:\Users\Admin\Downloads\sqlite-tools-win-x64-3500400;C:\Users\Admin\AppData\Roaming\npm;C:\ProgramData\chocolatey\bin;C:\Program Files\cursor\resources\app\bin;C:\Program Files\nodejs\;C:\Users\Admin\AppData\Local\Programs\Python\Launcher\;C:\Program Files\MySQL\MySQL Shell 8.0\bin\;C:\Users\Admin\AppData\Local\Microsoft\WindowsApps;C:\Users\Admin\.dotnet\tools;C:\Users\Admin\AppData\Local\Programs\Microsoft VS Code\bin;C:\Users\Admin\AppData\Local\GitHubDesktop\bin;C:\app\SASA\product\18.0.0\dbhomeXE\bin;C:\Users\Admin\AppData\Roaming\npm;C:\Users\Admin\AppData\Local\Programs\Antigravity\bin;C:\Program Files\\bin
JRE paths:	C:\Program Files\;C:\Ruby34-x64\bin;C:\Program Files\bin;C:\WINDOWS\system32;C:\WINDOWS;C:\WINDOWS\System32\Wbem;C:\WINDOWS\System32\WindowsPowerShell\v1.0\;C:\WINDOWS\System32\OpenSSH\;C:\Program Files\Microsoft SQL Server\Client SDK\ODBC\170\Tools\Binn\;C:\Program Files\dotnet\;C:\Program Files (x86)\Windows Kits\10\Windows Performance Toolkit\;C:\Program Files (x86)\Microsoft SQL Server\160\Tools\Binn\;C:\Program Files\Microsoft SQL Server\160\Tools\Binn\;C:\Program Files\Microsoft SQL Server\160\DTS\Binn\;C:\Program Files (x86)\Microsoft SQL Server\160\DTS\Binn\;C:\Program Files\Git\cmd;C:\Program Files\MySQL\MySQL Server 8.0\bin;C:\Program Files\Microsoft SQL Server\150\Tools\Binn\;C:\Mevean things\apache-maven-3.9.9\bin;C:\Mevean things\apache-tomcat-9.0.105\bin;C:\Program Files\Docker\Docker\resources\bin;C:\Users\Admin\Downloads\sqlite-tools-win-x64-3500400;C:\Users\Admin\AppData\Roaming\npm;C:\ProgramData\chocolatey\bin;C:\Program Files\cursor\resources\app\bin;C:\Program Files\nodejs\;C:\Users\Admin\AppData\Local\Programs\Python\Launcher\;C:\Program Files\MySQL\MySQL Shell 8.0\bin\;C:\Users\Admin\AppData\Local\Microsoft\WindowsApps;C:\Users\Admin\.dotnet\tools;C:\Users\Admin\AppData\Local\Programs\Microsoft VS Code\bin;C:\Users\Admin\AppData\Local\GitHubDesktop\bin;C:\app\SASA\product\18.0.0\dbhomeXE\bin;C:\Users\Admin\AppData\Roaming\npm;C:\Users\Admin\AppData\Local\Programs\Antigravity\bin;C:\Program Files\\bin
Check launcher:	C:\Program Files\bin\javaw.exe (OK)
Version string: 1.021.000_003 / 64-Bit (OK)
Launcher:	C:\Program Files\bin\javaw.exe
Launcher args:	-jar "C:\Users\Admin\eclipse-workspace\Sanu\NextMart.exe"
Args length:	57/32768 chars
Exit code:	0


Version:	3.50
CmdLine:	C:\Users\Admin\eclipse-workspace\Sanu\NextMart.exe --l4j-debug
JNI:		No
WOW64:		Yes
Working dir:	C:\Users\Admin\eclipse-workspace\Sanu\.
Requires JDK:	No
Requires 64-Bit: No
Java min ver:	1.004.000
Java max ver:	
Substitute:	JAVA_HOME = C:\Program Files\
Substitute:	PATH = C:\Ruby34-x64\bin;C:\Program Files\bin;C:\WINDOWS\system32;C:\WINDOWS;C:\WINDOWS\System32\Wbem;C:\WINDOWS\System32\WindowsPowerShell\v1.0\;C:\WINDOWS\System32\OpenSSH\;C:\Program Files\Microsoft SQL Server\Client SDK\ODBC\170\Tools\Binn\;C:\Program Files\dotnet\;C:\Program Files (x86)\Windows Kits\10\Windows Performance Toolkit\;C:\Program Files (x86)\Microsoft SQL Server\160\Tools\Binn\;C:\Program Files\Microsoft SQL Server\160\Tools\Binn\;C:\Program Files\Microsoft SQL Server\160\DTS\Binn\;C:\Program Files (x86)\Microsoft SQL Server\160\DTS\Binn\;C:\Program Files\Git\cmd;C:\Program Files\MySQL\MySQL Server 8.0\bin;C:\Program Files\Microsoft SQL Server\150\Tools\Binn\;C:\Mevean things\apache-maven-3.9.9\bin;C:\Mevean things\apache-tomcat-9.0.105\bin;C:\Program Files\Docker\Docker\resources\bin;C:\Users\Admin\Downloads\sqlite-tools-win-x64-3500400;C:\Users\Admin\AppData\Roaming\npm;C:\ProgramData\chocolatey\bin;C:\Program Files\cursor\resources\app\bin;C:\Program Files\nodejs\;C:\Users\Admin\AppData\Local\Programs\Python\Launcher\;C:\Program Files\MySQL\MySQL Shell 8.0\bin\;C:\Users\Admin\AppData\Local\Microsoft\WindowsApps;C:\Users\Admin\.dotnet\tools;C:\Users\Admin\AppData\Local\Programs\Microsoft VS Code\bin;C:\Users\Admin\AppData\Local\GitHubDesktop\bin;C:\app\SASA\product\18.0.0\dbhomeXE\bin;C:\Users\Admin\AppData\Roaming\npm;C:\Users\Admin\AppData\Local\Programs\Antigravity\bin;C:\Program Files\\bin
JRE paths:	C:\Program Files\;C:\Ruby34-x64\bin;C:\Program Files\bin;C:\WINDOWS\system32;C:\WINDOWS;C:\WINDOWS\System32\Wbem;C:\WINDOWS\System32\WindowsPowerShell\v1.0\;C:\WINDOWS\System32\OpenSSH\;C:\Program Files\Microsoft SQL Server\Client SDK\ODBC\170\Tools\Binn\;C:\Program Files\dotnet\;C:\Program Files (x86)\Windows Kits\10\Windows Performance Toolkit\;C:\Program Files (x86)\Microsoft SQL Server\160\Tools\Binn\;C:\Program Files\Microsoft SQL Server\160\Tools\Binn\;C:\Program Files\Microsoft SQL Server\160\DTS\Binn\;C:\Program Files (x86)\Microsoft SQL Server\160\DTS\Binn\;C:\Program Files\Git\cmd;C:\Program Files\MySQL\MySQL Server 8.0\bin;C:\Program Files\Microsoft SQL Server\150\Tools\Binn\;C:\Mevean things\apache-maven-3.9.9\bin;C:\Mevean things\apache-tomcat-9.0.105\bin;C:\Program Files\Docker\Docker\resources\bin;C:\Users\Admin\Downloads\sqlite-tools-win-x64-3500400;C:\Users\Admin\AppData\Roaming\npm;C:\ProgramData\chocolatey\bin;C:\Program Files\cursor\resources\app\bin;C:\Program Files\nodejs\;C:\Users\Admin\AppData\Local\Programs\Python\Launcher\;C:\Program Files\MySQL\MySQL Shell 8.0\bin\;C:\Users\Admin\AppData\Local\Microsoft\WindowsApps;C:\Users\Admin\.dotnet\tools;C:\Users\Admin\AppData\Local\Programs\Microsoft VS Code\bin;C:\Users\Admin\AppData\Local\GitHubDesktop\bin;C:\app\SASA\product\18.0.0\dbhomeXE\bin;C:\Users\Admin\AppData\Roaming\npm;C:\Users\Admin\AppData\Local\Programs\Antigravity\bin;C:\Program Files\\bin
Check launcher:	C:\Program Files\bin\javaw.exe (OK)
Version string: 1.021.000_003 / 64-Bit (OK)
Launcher:	C:\Program Files\bin\javaw.exe
Launcher args:	-jar "C:\Users\Admin\eclipse-workspace\Sanu\NextMart.exe"
Args length:	57/32768 chars
Exit code:	0
